<?xml version="1.0" encoding="UTF-8"?>
<testng-results ignored="0" total="1" passed="1" failed="0" skipped="0">
  <reporter-output>
  </reporter-output>
  <suite started-at="2024-11-29T10:31:46 EET" name="Default suite" finished-at="2024-11-29T10:31:51 EET" duration-ms="4238">
    <groups>
    </groups>
    <test started-at="2024-11-29T10:31:46 EET" name="Default test" finished-at="2024-11-29T10:31:51 EET" duration-ms="4238">
      <class name="RestAssuredTestCases.HTTPRequstes">
        <test-method signature="testWeatherApiResponse()[pri:0, instance:RestAssuredTestCases.HTTPRequstes@7714e963]" started-at="2024-11-29T10:31:46 EET" name="testWeatherApiResponse" finished-at="2024-11-29T10:31:51 EET" duration-ms="4196" status="PASS">
          <reporter-output>
          </reporter-output>
        </test-method> <!-- testWeatherApiResponse -->
      </class> <!-- RestAssuredTestCases.HTTPRequstes -->
    </test> <!-- Default test -->
  </suite> <!-- Default suite -->
</testng-results>
